This is pdfTeX, Version 3.1415926-1.40.10 (TeX Live 2009/Debian) (format=latex 2012.1.25)  23 NOV 2012 09:12
entering extended mode
 %&-line parsing enabled.
**bytefield.dtx
(./bytefield.dtx
LaTeX2e <2009/09/24>
Babel <v3.8l> and hyphenation patterns for english, usenglishmax, dumylang, noh
yphenation, loaded.
File: bytefield.dtx 2011/06/19 v2.1 Network protocol diagrams
(/usr/share/texmf-texlive/tex/latex/base/ltxdoc.cls
Document Class: ltxdoc 2007/11/11 v2.0u Standard LaTeX documentation class
(/usr/share/texmf-texlive/tex/latex/base/article.cls
Document Class: article 2007/10/19 v1.4h Standard LaTeX document class
(/usr/share/texmf-texlive/tex/latex/base/size10.clo
File: size10.clo 2007/10/19 v1.4h Standard LaTeX file (size option)
)
\c@part=\count79
\c@section=\count80
\c@subsection=\count81
\c@subsubsection=\count82
\c@paragraph=\count83
\c@subparagraph=\count84
\c@figure=\count85
\c@table=\count86
\abovecaptionskip=\skip41
\belowcaptionskip=\skip42
\bibindent=\dimen102
)
(/usr/share/texmf-texlive/tex/latex/base/doc.sty
Package: doc 2006/02/02 v2.1d Standard LaTeX documentation package (FMi)
\c@StandardModuleDepth=\count87
\guard@level=\count88
\MacrocodeTopsep=\skip43
\MacroIndent=\dimen103
\macro@cnt=\count89
\MacroTopsep=\skip44
\index@excludelist=\toks14

(/usr/share/texmf-texlive/tex/latex/tools/multicol.sty
Package: multicol 2008/12/05 v1.6h multicolumn formatting (FMi)
\c@tracingmulticols=\count90
\mult@box=\box26
\multicol@leftmargin=\dimen104
\c@unbalance=\count91
\c@collectmore=\count92
\doublecol@number=\count93
\multicoltolerance=\count94
\multicolpretolerance=\count95
\full@width=\dimen105
\page@free=\dimen106
\premulticols=\dimen107
\postmulticols=\dimen108
\multicolsep=\skip45
\multicolbaselineskip=\skip46
\partial@page=\box27
\last@line=\box28
\mult@rightbox=\box29
\mult@grightbox=\box30
\mult@gfirstbox=\box31
\mult@firstbox=\box32
\@tempa=\box33
\@tempa=\box34
\@tempa=\box35
\@tempa=\box36
\@tempa=\box37
\@tempa=\box38
\@tempa=\box39
\@tempa=\box40
\@tempa=\box41
\@tempa=\box42
\@tempa=\box43
\@tempa=\box44
\@tempa=\box45
\@tempa=\box46
\@tempa=\box47
\@tempa=\box48
\@tempa=\box49
\c@columnbadness=\count96
\c@finalcolumnbadness=\count97
\last@try=\dimen109
\multicolovershoot=\dimen110
\multicolundershoot=\dimen111
\mult@nat@firstbox=\box50
\colbreak@box=\box51
)
\IndexMin=\dimen112
\c@IndexColumns=\count98
\GlossaryMin=\dimen113
\c@GlossaryColumns=\count99
\check@sum=\count100
\bslash@cnt=\count101
\wrong@table=\toks15
\c@CodelineNo=\count102
))
(/usr/share/texmf-texlive/tex/latex/base/textcomp.sty
Package: textcomp 2005/09/27 v1.99g Standard LaTeX package
Package textcomp Info: Sub-encoding information:
(textcomp)               5 = only ISO-Adobe without \textcurrency
(textcomp)               4 = 5 + \texteuro
(textcomp)               3 = 4 + \textohm
(textcomp)               2 = 3 + \textestimated + \textcurrency
(textcomp)               1 = TS1 - \textcircled - \t
(textcomp)               0 = TS1 (full)
(textcomp)             Font families with sub-encoding setting implement
(textcomp)             only a restricted character set as indicated.
(textcomp)             Family '?' is the default used for unknown fonts.
(textcomp)             See the documentation for details.
Package textcomp Info: Setting ? sub-encoding to TS1/1 on input line 71.

(/usr/share/texmf-texlive/tex/latex/base/ts1enc.def
File: ts1enc.def 2001/06/05 v3.0e (jk/car/fm) Standard LaTeX file
)
LaTeX Info: Redefining \oldstylenums on input line 266.
Package textcomp Info: Setting cmr sub-encoding to TS1/0 on input line 281.
Package textcomp Info: Setting cmss sub-encoding to TS1/0 on input line 282.
Package textcomp Info: Setting cmtt sub-encoding to TS1/0 on input line 283.
Package textcomp Info: Setting cmvtt sub-encoding to TS1/0 on input line 284.
Package textcomp Info: Setting cmbr sub-encoding to TS1/0 on input line 285.
Package textcomp Info: Setting cmtl sub-encoding to TS1/0 on input line 286.
Package textcomp Info: Setting ccr sub-encoding to TS1/0 on input line 287.
Package textcomp Info: Setting ptm sub-encoding to TS1/4 on input line 288.
Package textcomp Info: Setting pcr sub-encoding to TS1/4 on input line 289.
Package textcomp Info: Setting phv sub-encoding to TS1/4 on input line 290.
Package textcomp Info: Setting ppl sub-encoding to TS1/3 on input line 291.
Package textcomp Info: Setting pag sub-encoding to TS1/4 on input line 292.
Package textcomp Info: Setting pbk sub-encoding to TS1/4 on input line 293.
Package textcomp Info: Setting pnc sub-encoding to TS1/4 on input line 294.
Package textcomp Info: Setting pzc sub-encoding to TS1/4 on input line 295.
Package textcomp Info: Setting bch sub-encoding to TS1/4 on input line 296.
Package textcomp Info: Setting put sub-encoding to TS1/5 on input line 297.
Package textcomp Info: Setting uag sub-encoding to TS1/5 on input line 298.
Package textcomp Info: Setting ugq sub-encoding to TS1/5 on input line 299.
Package textcomp Info: Setting ul8 sub-encoding to TS1/4 on input line 300.
Package textcomp Info: Setting ul9 sub-encoding to TS1/4 on input line 301.
Package textcomp Info: Setting augie sub-encoding to TS1/5 on input line 302.
Package textcomp Info: Setting dayrom sub-encoding to TS1/3 on input line 303.
Package textcomp Info: Setting dayroms sub-encoding to TS1/3 on input line 304.

Package textcomp Info: Setting pxr sub-encoding to TS1/0 on input line 305.
Package textcomp Info: Setting pxss sub-encoding to TS1/0 on input line 306.
Package textcomp Info: Setting pxtt sub-encoding to TS1/0 on input line 307.
Package textcomp Info: Setting txr sub-encoding to TS1/0 on input line 308.
Package textcomp Info: Setting txss sub-encoding to TS1/0 on input line 309.
Package textcomp Info: Setting txtt sub-encoding to TS1/0 on input line 310.
Package textcomp Info: Setting futs sub-encoding to TS1/4 on input line 311.
Package textcomp Info: Setting futx sub-encoding to TS1/4 on input line 312.
Package textcomp Info: Setting futj sub-encoding to TS1/4 on input line 313.
Package textcomp Info: Setting hlh sub-encoding to TS1/3 on input line 314.
Package textcomp Info: Setting hls sub-encoding to TS1/3 on input line 315.
Package textcomp Info: Setting hlst sub-encoding to TS1/3 on input line 316.
Package textcomp Info: Setting hlct sub-encoding to TS1/5 on input line 317.
Package textcomp Info: Setting hlx sub-encoding to TS1/5 on input line 318.
Package textcomp Info: Setting hlce sub-encoding to TS1/5 on input line 319.
Package textcomp Info: Setting hlcn sub-encoding to TS1/5 on input line 320.
Package textcomp Info: Setting hlcw sub-encoding to TS1/5 on input line 321.
Package textcomp Info: Setting hlcf sub-encoding to TS1/5 on input line 322.
Package textcomp Info: Setting pplx sub-encoding to TS1/3 on input line 323.
Package textcomp Info: Setting pplj sub-encoding to TS1/3 on input line 324.
Package textcomp Info: Setting ptmx sub-encoding to TS1/4 on input line 325.
Package textcomp Info: Setting ptmj sub-encoding to TS1/4 on input line 326.
) (./bytefield.sty
Package: bytefield 2011/06/19 v2.1 Network protocol diagrams

(/usr/share/texmf-texlive/tex/latex/tools/calc.sty
Package: calc 2007/08/22 v4.3 Infix arithmetic (KKT,FJ)
\calc@Acount=\count103
\calc@Bcount=\count104
\calc@Adimen=\dimen114
\calc@Bdimen=\dimen115
\calc@Askip=\skip47
\calc@Bskip=\skip48
LaTeX Info: Redefining \setlength on input line 76.
LaTeX Info: Redefining \addtolength on input line 77.
\calc@Ccount=\count105
\calc@Cskip=\skip49
)
(/usr/share/texmf-texlive/tex/latex/graphics/keyval.sty
Package: keyval 1999/03/16 v1.13 key=value parser (DPC)
\KV@toks@=\toks16
)
\bytefield@height=\skip50
\bytefield@height@increment=\skip51
\entire@bytefield@picture=\box52
\bf@bitwidth=\skip52
\bf@bitheight=\skip53
\units@wide=\skip54
\units@tall=\skip55
\units@high=\skip56
\header@xpos=\skip57
\c@header@val=\count106
\c@max@header@val=\count107
\curly@box=\box53
\wordlabelr@start=\skip58
\wordlabelr@end=\skip59
\wordlabell@start=\skip60
\wordlabell@end=\skip61
\total@lbox@width=\skip62
\label@box@width=\skip63
\label@box@height=\skip64
\word@label@box=\box54
)
(/usr/share/texmf-texlive/tex/latex/graphics/color.sty
Package: color 2005/11/14 v1.0j Standard LaTeX Color (DPC)

(/etc/texmf/tex/latex/config/color.cfg
File: color.cfg 2007/01/18 v1.5 color configuration of teTeX/TeXLive
)
Package color Info: Driver file: dvips.def on input line 130.

(/usr/share/texmf-texlive/tex/latex/graphics/dvips.def
File: dvips.def 1999/02/16 v3.0i Driver-dependant file (DPC,SPQR)
)
(/usr/share/texmf-texlive/tex/latex/graphics/dvipsnam.def
File: dvipsnam.def 1999/02/16 v3.0i Driver-dependant file (DPC,SPQR)
))
(/usr/share/texmf-texlive/tex/latex/rotating/rotating.sty
Package: rotating 2009/03/28 v2.16a rotated objects in LaTeX

(/usr/share/texmf-texlive/tex/latex/graphics/graphicx.sty
Package: graphicx 1999/02/16 v1.0f Enhanced LaTeX Graphics (DPC,SPQR)

(/usr/share/texmf-texlive/tex/latex/graphics/graphics.sty
Package: graphics 2009/02/05 v1.0o Standard LaTeX Graphics (DPC,SPQR)

(/usr/share/texmf-texlive/tex/latex/graphics/trig.sty
Package: trig 1999/03/16 v1.09 sin cos tan (DPC)
)
(/etc/texmf/tex/latex/config/graphics.cfg
File: graphics.cfg 2009/08/28 v1.8 graphics configuration of TeX Live
)
Package graphics Info: Driver file: dvips.def on input line 91.
)
\Gin@req@height=\dimen116
\Gin@req@width=\dimen117
)
(/usr/share/texmf-texlive/tex/latex/base/ifthen.sty
Package: ifthen 2001/05/26 v1.1c Standard LaTeX ifthen package (DPC)
)
\c@r@tfl@t=\count108
\rotFPtop=\skip65
\rotFPbot=\skip66
\rot@float@box=\box55
\rot@mess@toks=\toks17
) (./multirow.sty
\bigstrutjot=\dimen118
)
(/usr/share/texmf-texlive/tex/latex/tools/array.sty
Package: array 2008/09/09 v2.4c Tabular extension package (FMi)
\col@sep=\dimen119
\extrarowheight=\dimen120
\NC@list=\toks18
\extratabsurround=\skip67
\backup@length=\skip68
)
(/usr/share/texmf-texlive/tex/latex/wasysym/wasysym.sty
Package: wasysym 2003/10/30 v2.0 Wasy-2 symbol support package
\symwasy=\mathgroup4
LaTeX Font Info:    Overwriting symbol font `wasy' in version `bold'
(Font)                  U/wasy/m/n --> U/wasy/b/n on input line 90.
)
(/usr/share/texmf-texlive/tex/latex/oberdiek/hypdoc.sty
Package: hypdoc 2007/11/12 v1.6 Hyper extensions for doc.sty (HO)

(/usr/share/texmf-texlive/tex/latex/hyperref/hyperref.sty
Package: hyperref 2009/10/09 v6.79a Hypertext links for LaTeX

(/usr/share/texmf-texlive/tex/generic/oberdiek/ifpdf.sty
Package: ifpdf 2009/04/10 v2.0 Provides the ifpdf switch (HO)
Package ifpdf Info: pdfTeX in pdf mode not detected.
)
(/usr/share/texmf-texlive/tex/generic/oberdiek/ifvtex.sty
Package: ifvtex 2008/11/04 v1.4 Switches for detecting VTeX and its modes (HO)
Package ifvtex Info: VTeX not detected.
)
(/usr/share/texmf-texlive/tex/generic/ifxetex/ifxetex.sty
Package: ifxetex 2009/01/23 v0.5 Provides ifxetex conditional
)
(/usr/share/texmf-texlive/tex/latex/oberdiek/hycolor.sty
Package: hycolor 2009/10/02 v1.5 Code for color options of hyperref/bookmark (H
O)

(/usr/share/texmf-texlive/tex/latex/oberdiek/xcolor-patch.sty
Package: xcolor-patch 2009/10/02 xcolor patch
))
\@linkdim=\dimen121
\Hy@linkcounter=\count109
\Hy@pagecounter=\count110

(/usr/share/texmf-texlive/tex/latex/hyperref/pd1enc.def
File: pd1enc.def 2009/10/09 v6.79a Hyperref: PDFDocEncoding definition (HO)
)
(/usr/share/texmf-texlive/tex/generic/oberdiek/etexcmds.sty
Package: etexcmds 2007/12/12 v1.2 Prefix for e-TeX command names (HO)

(/usr/share/texmf-texlive/tex/generic/oberdiek/infwarerr.sty
Package: infwarerr 2007/09/09 v1.2 Providing info/warning/message (HO)
)
Package etexcmds Info: Could not find \expanded.
(etexcmds)             That can mean that you are not using pdfTeX 1.50 or
(etexcmds)             that some package has redefined \expanded.
(etexcmds)             In the latter case, load this package earlier.
)
(/usr/share/texmf-texlive/tex/latex/latexconfig/hyperref.cfg
File: hyperref.cfg 2002/06/06 v1.2 hyperref configuration of TeXLive
)
(/usr/share/texmf-texlive/tex/latex/oberdiek/kvoptions.sty
Package: kvoptions 2009/08/13 v3.4 Keyval support for LaTeX options (HO)

(/usr/share/texmf-texlive/tex/generic/oberdiek/kvsetkeys.sty
Package: kvsetkeys 2009/07/30 v1.5 Key value parser with default handler suppor
t (HO)
))
Package hyperref Info: Option `hyperindex' set `false' on input line 2864.
Package hyperref Info: Option `pdfusetitle' set `true' on input line 2864.
Package hyperref Info: Option `colorlinks' set `true' on input line 2864.
Package hyperref Info: Option `pdfpagelabels' set `true' on input line 2864.
Package hyperref Info: Hyper figures OFF on input line 2975.
Package hyperref Info: Link nesting OFF on input line 2980.
Package hyperref Info: Hyper index OFF on input line 2985.
Package hyperref Info: Plain pages OFF on input line 2990.
Package hyperref Info: Backreferencing OFF on input line 2995.

Implicit mode ON; LaTeX internals redefined
Package hyperref Info: Bookmarks ON on input line 3191.
(/usr/share/texmf-texlive/tex/latex/ltxmisc/url.sty
\Urlmuskip=\muskip10
Package: url 2006/04/12  ver 3.3  Verb mode for urls, etc.
)
LaTeX Info: Redefining \url on input line 3428.

(/usr/share/texmf-texlive/tex/generic/oberdiek/bitset.sty
Package: bitset 2007/09/28 v1.0 Data type bit set (HO)

(/usr/share/texmf-texlive/tex/generic/oberdiek/intcalc.sty
Package: intcalc 2007/09/27 v1.1 Expandable integer calculations (HO)
)
(/usr/share/texmf-texlive/tex/generic/oberdiek/bigintcalc.sty
Package: bigintcalc 2007/11/11 v1.1 Expandable big integer calculations (HO)

(/usr/share/texmf-texlive/tex/generic/oberdiek/pdftexcmds.sty
Package: pdftexcmds 2009/09/23 v0.6 LuaTeX support for pdfTeX utility functions
 (HO)

(/usr/share/texmf-texlive/tex/generic/oberdiek/ifluatex.sty
Package: ifluatex 2009/04/17 v1.2 Provides the ifluatex switch (HO)
Package ifluatex Info: LuaTeX not detected.
)
(/usr/share/texmf-texlive/tex/generic/oberdiek/ltxcmds.sty
Package: ltxcmds 2009/08/05 v1.0 Some LaTeX kernel commands for general use (HO
)
)
Package pdftexcmds Info: LuaTeX not detected.
Package pdftexcmds Info: \pdf@primitive is available.
Package pdftexcmds Info: \pdf@ifprimitive is available.
)))
\Fld@menulength=\count111
\Field@Width=\dimen122
\Fld@charsize=\dimen123
\Field@toks=\toks19
Package hyperref Info: Hyper figures OFF on input line 4377.
Package hyperref Info: Link nesting OFF on input line 4382.
Package hyperref Info: Hyper index OFF on input line 4387.
Package hyperref Info: backreferencing OFF on input line 4392.
Package hyperref Info: Link coloring ON on input line 4395.
Package hyperref Info: Link coloring with OCG OFF on input line 4402.
Package hyperref Info: PDF/A mode OFF on input line 4407.

(/usr/share/texmf-texlive/tex/generic/oberdiek/atbegshi.sty
Package: atbegshi 2008/07/31 v1.9 At begin shipout hook (HO)
)
\Hy@abspage=\count112
\c@Item=\count113
\c@Hfootnote=\count114
)
*hyperref using default driver hdvips*
(/usr/share/texmf-texlive/tex/latex/hyperref/hdvips.def
File: hdvips.def 2009/10/09 v6.79a Hyperref driver for dvips

(/usr/share/texmf-texlive/tex/latex/hyperref/pdfmark.def
File: pdfmark.def 2009/10/09 v6.79a Hyperref definitions for pdfmark specials
\pdf@docset=\toks20
\pdf@box=\box56
\pdf@toks=\toks21
\pdf@defaulttoks=\toks22
\Fld@listcount=\count115
))
Package hyperref Info: Option `plainpages' set `false' on input line 54.
Package hyperref Info: Option `bookmarksopen' set `true' on input line 54.
Package hyperref Info: Option `bookmarksnumbered' set `true' on input line 54.

(/usr/share/texmf-texlive/tex/generic/thumbpdf/thumbpdf.sty
Package: thumbpdf 2008/04/16 v3.10 Inclusion of thumbnails (HO)


Package thumbpdf Warning: Missing driver name.

)
\c@HD@unique=\count116
\c@HD@hypercount=\count117
\HD@helplength=\skip69
) (/usr/share/texmf-texlive/tex/latex/oberdiek/hypcap.sty
Package: hypcap 2008/09/08 v1.10 Adjusting anchors of captions (HO)
)
Package hyperref Info: Option `colorlinks' set `false' on input line 49.
Package hyperref Info: Option `bookmarksopen' set `true' on input line 49.
\@indexfile=\write3
\openout3 = `bytefield.idx'.


Writing index file bytefield.idx
\@glossaryfile=\write4
\openout4 = `bytefield.glo'.

Writing glossary file bytefield.glo 
(./bytefield.aux)
\openout1 = `bytefield.aux'.

LaTeX Font Info:    Checking defaults for OML/cmm/m/it on input line 54.
LaTeX Font Info:    ... okay on input line 54.
LaTeX Font Info:    Checking defaults for T1/cmr/m/n on input line 54.
LaTeX Font Info:    ... okay on input line 54.
LaTeX Font Info:    Checking defaults for OT1/cmr/m/n on input line 54.
LaTeX Font Info:    ... okay on input line 54.
LaTeX Font Info:    Checking defaults for OMS/cmsy/m/n on input line 54.
LaTeX Font Info:    ... okay on input line 54.
LaTeX Font Info:    Checking defaults for OMX/cmex/m/n on input line 54.
LaTeX Font Info:    ... okay on input line 54.
LaTeX Font Info:    Checking defaults for U/cmr/m/n on input line 54.
LaTeX Font Info:    ... okay on input line 54.
LaTeX Font Info:    Checking defaults for TS1/cmr/m/n on input line 54.
LaTeX Font Info:    Try loading font information for TS1+cmr on input line 54.
 (/usr/share/texmf-texlive/tex/latex/base/ts1cmr.fd
File: ts1cmr.fd 1999/05/25 v2.5h Standard LaTeX font definitions
)
LaTeX Font Info:    ... okay on input line 54.
LaTeX Font Info:    Checking defaults for PD1/pdf/m/n on input line 54.
LaTeX Font Info:    ... okay on input line 54.
Package doc Info: Made | a short reference for \verb on input line 54.
Package hyperref Info: Link coloring OFF on input line 54.

(/usr/share/texmf-texlive/tex/latex/hyperref/nameref.sty
Package: nameref 2007/05/29 v2.31 Cross-referencing by name of section

(/usr/share/texmf-texlive/tex/latex/oberdiek/refcount.sty
Package: refcount 2008/08/11 v3.1 Data extraction from references (HO)
)
\c@section@level=\count118
)
LaTeX Info: Redefining \ref on input line 54.
LaTeX Info: Redefining \pageref on input line 54.
 (./bytefield.out)
(./bytefield.out)
\@outlinefile=\write5
\openout5 = `bytefield.out'.

\AtBeginShipoutBox=\box57
 (./bytefield.hd)
\HD@savedest@out=\write6
\openout6 = `bytefield.hd'.

 (./bytefield.dtx
***************************
* Character table correct *
***************************
LaTeX Font Info:    External font `cmex10' loaded for size
(Font)              <17.28> on input line 128.
LaTeX Font Info:    External font `cmex10' loaded for size
(Font)              <12> on input line 128.
LaTeX Font Info:    Try loading font information for U+wasy on input line 128.
(/usr/share/texmf-texlive/tex/latex/wasysym/uwasy.fd
File: uwasy.fd 2003/10/30 v2.0 Wasy-2 symbol font definitions
)
LaTeX Font Info:    External font `cmex10' loaded for size
(Font)              <8> on input line 128.
LaTeX Font Info:    External font `cmex10' loaded for size
(Font)              <6> on input line 128.
LaTeX Font Info:    External font `cmex10' loaded for size
(Font)              <5> on input line 128.
\declbox=\box58
\protocoldiagram=\box59
LaTeX Font Info:    External font `cmex10' loaded for size
(Font)              <7> on input line 242.
 [1

]
Overfull \hbox (4.09583pt too wide) in paragraph at lines 304--304
[]       \OT1/cmtt/m/n/9 |V=2|P|X|  CC   |M|     PT      |       sequence numbe
r         | RTP[] 
 []


Overfull \hbox (18.27066pt too wide) in paragraph at lines 304--304
[]       \OT1/cmtt/m/n/9 |                           timestamp                 
          | Header[] 
 []


Overfull \hbox (4.09583pt too wide) in paragraph at lines 304--304
[]       \OT1/cmtt/m/n/9 |                                                     
          | RTP[] 
 []


Overfull \hbox (8.82077pt too wide) in paragraph at lines 304--304
[]       \OT1/cmtt/m/n/9 |       MPEG-4 Visual stream (byte aligned)           
          | Pay-[] 
 []


Overfull \hbox (8.82077pt too wide) in paragraph at lines 304--304
[]       \OT1/cmtt/m/n/9 |                                                     
          | load[] 
 []

[2]
\height=\dimen124 (locally)
\depth=\dimen125 (locally)
\totalheight=\dimen126 (locally)
\width=\dimen127 (locally)
\height=\dimen124 (locally)
\depth=\dimen125 (locally)
\totalheight=\dimen126 (locally)
\width=\dimen127 (locally)
\height=\dimen124 (locally)
\depth=\dimen125 (locally)
\totalheight=\dimen126 (locally)
\width=\dimen127 (locally)
\height=\dimen124 (locally)
\depth=\dimen125 (locally)
\totalheight=\dimen126 (locally)
\width=\dimen127 (locally)
\height=\dimen124 (locally)
\depth=\dimen125 (locally)
\totalheight=\dimen126 (locally)
\width=\dimen127 (locally)
\height=\dimen124 (locally)
\depth=\dimen125 (locally)
\totalheight=\dimen126 (locally)
\width=\dimen127 (locally)
\height=\dimen124 (locally)
\depth=\dimen125 (locally)
\totalheight=\dimen126 (locally)
\width=\dimen127 (locally)
\height=\dimen124 (locally)
\depth=\dimen125 (locally)
\totalheight=\dimen126 (locally)
\width=\dimen127 (locally)
\curly@height=\dimen124 (locally)
\half@curly@height=\dimen125 (locally)
\curly@shift=\dimen126 (locally)
\total@box@width=\dimen124 (locally)
\height=\dimen124 (locally)
\depth=\dimen125 (locally)
\totalheight=\dimen126 (locally)
\width=\dimen127 (locally)
\height=\dimen124 (locally)
\depth=\dimen125 (locally)
\totalheight=\dimen126 (locally)
\width=\dimen127 (locally)
\height=\dimen124 (locally)
\depth=\dimen125 (locally)
\totalheight=\dimen126 (locally)
\width=\dimen127 (locally)
\height=\dimen124 (locally)
\depth=\dimen125 (locally)
\totalheight=\dimen126 (locally)
\width=\dimen127 (locally)
\height=\dimen124 (locally)
\depth=\dimen125 (locally)
\totalheight=\dimen126 (locally)
\width=\dimen127 (locally)
\height=\dimen124 (locally)
\depth=\dimen125 (locally)
\totalheight=\dimen126 (locally)
\width=\dimen127 (locally)
\curly@height=\dimen124 (locally)
\half@curly@height=\dimen125 (locally)
\curly@shift=\dimen126 (locally)
\total@box@width=\dimen124 (locally)
 [3]
\height=\dimen124 (locally)
\depth=\dimen125 (locally)
\totalheight=\dimen126 (locally)
\width=\dimen127 (locally)
\height=\dimen124 (locally)
\depth=\dimen125 (locally)
\totalheight=\dimen126 (locally)
\width=\dimen127 (locally)
\height=\dimen124 (locally)
\depth=\dimen125 (locally)
\totalheight=\dimen126 (locally)
\width=\dimen127 (locally)
\height=\dimen124 (locally)
\depth=\dimen125 (locally)
\totalheight=\dimen126 (locally)
\width=\dimen127 (locally)
 [4]
\height=\dimen124 (locally)
\depth=\dimen125 (locally)
\totalheight=\dimen126 (locally)
\width=\dimen127 (locally)
\height=\dimen124 (locally)
\depth=\dimen125 (locally)
\totalheight=\dimen126 (locally)
\width=\dimen127 (locally)
\height=\dimen124 (locally)
\depth=\dimen125 (locally)
\totalheight=\dimen126 (locally)
\width=\dimen127 (locally)
\height=\dimen124 (locally)
\depth=\dimen125 (locally)
\totalheight=\dimen126 (locally)
\width=\dimen127 (locally)

Underfull \hbox (badness 1331) in paragraph at lines 505--513
[]\OT1/cmr/m/n/10 Unlike other L[]T[]X en-vi-ron-ments, []\OT1/cmtt/m/n/10 righ
twordgroup \OT1/cmr/m/n/10 and []\OT1/cmtt/m/n/10 leftwordgroup
 []


Underfull \hbox (badness 2865) in paragraph at lines 505--513
\OT1/cmr/m/n/10 do not have to nest prop-erly with each other. How-ever, they c
an-
 []


Underfull \hbox (badness 5147) in paragraph at lines 505--513
\OT1/cmr/m/n/10 not over-lap them-selves. In other words, []\OT1/cmtt/m/n/10 \b
egin{rightwordgroup}$[]$
 []


Underfull \hbox (badness 1701) in paragraph at lines 505--513
\OT1/cmr/m/n/10 valid se-quence, but []\OT1/cmtt/m/n/10 \begin{rightwordgroup}$
[]$[]\begin{rightwordgroup}$[]$
 []

[5]
Underfull \hbox (badness 1365) in paragraph at lines 528--532
\OT1/cmr/m/n/10 Note the jux-ta-po-si-tion of ``[]\OT1/cmtt/m/n/10 \\\OT1/cmr/m
/n/10 '' to the []\OT1/cmtt/m/n/10 \begin{rightwordgroup} \OT1/cmr/m/n/10 and t
he
 []

\height=\dimen124 (locally)
\depth=\dimen125 (locally)
\totalheight=\dimen126 (locally)
\width=\dimen127 (locally)
\height=\dimen124 (locally)
\depth=\dimen125 (locally)
\totalheight=\dimen126 (locally)
\width=\dimen127 (locally)
\height=\dimen124 (locally)
\depth=\dimen125 (locally)
\totalheight=\dimen126 (locally)
\width=\dimen127 (locally)
\height=\dimen124 (locally)
\depth=\dimen125 (locally)
\totalheight=\dimen126 (locally)
\width=\dimen127 (locally)
\curly@height=\dimen124 (locally)
\half@curly@height=\dimen125 (locally)
\curly@shift=\dimen126 (locally)
\total@box@width=\dimen124 (locally)
\height=\dimen124 (locally)
\depth=\dimen125 (locally)
\totalheight=\dimen126 (locally)
\width=\dimen127 (locally)
\height=\dimen124 (locally)
\depth=\dimen125 (locally)
\totalheight=\dimen126 (locally)
\width=\dimen127 (locally)
\height=\dimen124 (locally)
\depth=\dimen125 (locally)
\totalheight=\dimen126 (locally)
\width=\dimen127 (locally)
\curly@height=\dimen124 (locally)
\half@curly@height=\dimen125 (locally)
\curly@shift=\dimen126 (locally)
\height=\dimen124 (locally)
\depth=\dimen125 (locally)
\totalheight=\dimen126 (locally)
\width=\dimen127 (locally)
\height=\dimen124 (locally)
\depth=\dimen125 (locally)
\totalheight=\dimen126 (locally)
\width=\dimen127 (locally)
\starting@point=\dimen124 (locally)
\curly@height=\dimen125 (locally)
\half@curly@height=\dimen126 (locally)
\curly@shift=\dimen127 (locally)
\curly@height=\dimen124 (locally)
\half@curly@height=\dimen125 (locally)
\curly@shift=\dimen126 (locally)
\total@box@width=\dimen124 (locally)
\height=\dimen124 (locally)
\depth=\dimen125 (locally)
\totalheight=\dimen126 (locally)
\width=\dimen127 (locally)

Underfull \hbox (badness 1199) in paragraph at lines 585--588
[]\OT1/cmr/m/n/10 Draw a graphic rep-re-sent-ing a num-ber of words that are no
t shown.
 []

[6]
\height=\dimen124 (locally)
\depth=\dimen125 (locally)
\totalheight=\dimen126 (locally)
\width=\dimen127 (locally)
\height=\dimen124 (locally)
\depth=\dimen125 (locally)
\totalheight=\dimen126 (locally)
\width=\dimen127 (locally)
\height=\dimen124 (locally)
\depth=\dimen125 (locally)
\totalheight=\dimen126 (locally)
\width=\dimen127 (locally)
\height=\dimen124 (locally)
\depth=\dimen125 (locally)
\totalheight=\dimen126 (locally)
\width=\dimen127 (locally)
 [7]
\height=\dimen124 (locally)
\depth=\dimen125 (locally)
\totalheight=\dimen126 (locally)
\width=\dimen127 (locally)
\height=\dimen124 (locally)
\depth=\dimen125 (locally)
\totalheight=\dimen126 (locally)
\width=\dimen127 (locally)
\height=\dimen124 (locally)
\depth=\dimen125 (locally)
\totalheight=\dimen126 (locally)
\width=\dimen127 (locally)
\height=\dimen124 (locally)
\depth=\dimen125 (locally)
\totalheight=\dimen126 (locally)
\width=\dimen127 (locally)
\height=\dimen124 (locally)
\depth=\dimen125 (locally)
\totalheight=\dimen126 (locally)
\width=\dimen127 (locally)
 [8]
\height=\dimen124 (locally)
\depth=\dimen125 (locally)
\totalheight=\dimen126 (locally)
\width=\dimen127 (locally)
\height=\dimen124 (locally)
\depth=\dimen125 (locally)
\totalheight=\dimen126 (locally)
\width=\dimen127 (locally)
\height=\dimen124 (locally)
\depth=\dimen125 (locally)
\totalheight=\dimen126 (locally)
\width=\dimen127 (locally)
\height=\dimen124 (locally)
\depth=\dimen125 (locally)
\totalheight=\dimen126 (locally)
\width=\dimen127 (locally)
\height=\dimen124 (locally)
\depth=\dimen125 (locally)
\totalheight=\dimen126 (locally)
\width=\dimen127 (locally)

Overfull \hbox (4.09583pt too wide) in paragraph at lines 750--750
[]         \OT1/cmtt/m/n/9 \bitbox{1}{\tiny F/E} & \bitbox{1}{\tiny T0} & \bitb
ox{1}{\tiny T1}[] 
 []

\height=\dimen124 (locally)
\depth=\dimen125 (locally)
\totalheight=\dimen126 (locally)
\width=\dimen127 (locally)
\height=\dimen124 (locally)
\depth=\dimen125 (locally)
\totalheight=\dimen126 (locally)
\width=\dimen127 (locally)
\height=\dimen124 (locally)
\depth=\dimen125 (locally)
\totalheight=\dimen126 (locally)
\width=\dimen127 (locally)
\height=\dimen124 (locally)
\depth=\dimen125 (locally)
\totalheight=\dimen126 (locally)
\width=\dimen127 (locally)
\height=\dimen124 (locally)
\depth=\dimen125 (locally)
\totalheight=\dimen126 (locally)
\width=\dimen127 (locally)
[9]
Overfull \hbox (4.09583pt too wide) in paragraph at lines 797--797
[]         \OT1/cmtt/m/n/9 \bitbox{1}{\tiny F/E} & \bitbox{1}{\tiny T0} & \bitb
ox{1}{\tiny T1}[] 
 []

\height=\dimen124 (locally)
\depth=\dimen125 (locally)
\totalheight=\dimen126 (locally)
\width=\dimen127 (locally)
\height=\dimen124 (locally)
\depth=\dimen125 (locally)
\totalheight=\dimen126 (locally)
\width=\dimen127 (locally)
\height=\dimen124 (locally)
\depth=\dimen125 (locally)
\totalheight=\dimen126 (locally)
\width=\dimen127 (locally)
\height=\dimen124 (locally)
\depth=\dimen125 (locally)
\totalheight=\dimen126 (locally)
\width=\dimen127 (locally)
\height=\dimen124 (locally)
\depth=\dimen125 (locally)
\totalheight=\dimen126 (locally)
\width=\dimen127 (locally)
[10]
\height=\dimen124 (locally)
\depth=\dimen125 (locally)
\totalheight=\dimen126 (locally)
\width=\dimen127 (locally)
\height=\dimen124 (locally)
\depth=\dimen125 (locally)
\totalheight=\dimen126 (locally)
\width=\dimen127 (locally)
\height=\dimen124 (locally)
\depth=\dimen125 (locally)
\totalheight=\dimen126 (locally)
\width=\dimen127 (locally)
\height=\dimen124 (locally)
\depth=\dimen125 (locally)
\totalheight=\dimen126 (locally)
\width=\dimen127 (locally)
\curly@height=\dimen124 (locally)
\half@curly@height=\dimen125 (locally)
\curly@shift=\dimen126 (locally)
\total@box@width=\dimen124 (locally)
\height=\dimen124 (locally)
\depth=\dimen125 (locally)
\totalheight=\dimen126 (locally)
\width=\dimen127 (locally)
\curly@height=\dimen124 (locally)
\half@curly@height=\dimen125 (locally)
\curly@shift=\dimen126 (locally)
\total@box@width=\dimen124 (locally)
\height=\dimen124 (locally)
\depth=\dimen125 (locally)
\totalheight=\dimen126 (locally)
\width=\dimen127 (locally)
\height=\dimen124 (locally)
\depth=\dimen125 (locally)
\totalheight=\dimen126 (locally)
\width=\dimen127 (locally)
\curly@height=\dimen124 (locally)
\half@curly@height=\dimen125 (locally)
\curly@shift=\dimen126 (locally)
\total@box@width=\dimen124 (locally)
\height=\dimen124 (locally)
\depth=\dimen125 (locally)
\totalheight=\dimen126 (locally)
\width=\dimen127 (locally)
\height=\dimen124 (locally)
\depth=\dimen125 (locally)
\totalheight=\dimen126 (locally)
\width=\dimen127 (locally)
\height=\dimen124 (locally)
\depth=\dimen125 (locally)
\totalheight=\dimen126 (locally)
\width=\dimen127 (locally)
\height=\dimen124 (locally)
\depth=\dimen125 (locally)
\totalheight=\dimen126 (locally)
\width=\dimen127 (locally)
\curly@height=\dimen124 (locally)
\half@curly@height=\dimen125 (locally)
\curly@shift=\dimen126 (locally)
\total@box@width=\dimen124 (locally)

Underfull \hbox (badness 10000) in paragraph at lines 898--902
[]\OT1/cmr/m/n/10 Figure [][][][] il-lus-trates the jux-ta-po-si-tion of \OT1/c
mtt/m/n/10 rightcurlyspace[][][] \OT1/cmr/m/n/10 and
 []


Underfull \hbox (badness 1354) in paragraph at lines 898--902
[]\OT1/cmtt/m/n/10 rightlabelspace \OT1/cmr/m/n/10 to a word group and its la-b
el. The \OT1/cmtt/m/n/10 leftcurlyspace[][][]
 []

[11]
\height=\dimen124 (locally)
\depth=\dimen125 (locally)
\totalheight=\dimen126 (locally)
\width=\dimen127 (locally)
\height=\dimen124 (locally)
\depth=\dimen125 (locally)
\totalheight=\dimen126 (locally)
\width=\dimen127 (locally)
\height=\dimen124 (locally)
\depth=\dimen125 (locally)
\totalheight=\dimen126 (locally)
\width=\dimen127 (locally)
\height=\dimen124 (locally)
\depth=\dimen125 (locally)
\totalheight=\dimen126 (locally)
\width=\dimen127 (locally)
\height=\dimen124 (locally)
\depth=\dimen125 (locally)
\totalheight=\dimen126 (locally)
\width=\dimen127 (locally)
 [12]
\height=\dimen124 (locally)
\depth=\dimen125 (locally)
\totalheight=\dimen126 (locally)
\width=\dimen127 (locally)
\height=\dimen124 (locally)
\depth=\dimen125 (locally)
\totalheight=\dimen126 (locally)
\width=\dimen127 (locally)
\height=\dimen124 (locally)
\depth=\dimen125 (locally)
\totalheight=\dimen126 (locally)
\width=\dimen127 (locally)
\height=\dimen124 (locally)
\depth=\dimen125 (locally)
\totalheight=\dimen126 (locally)
\width=\dimen127 (locally)
\height=\dimen124 (locally)
\depth=\dimen125 (locally)
\totalheight=\dimen126 (locally)
\width=\dimen127 (locally)
\height=\dimen124 (locally)
\depth=\dimen125 (locally)
\totalheight=\dimen126 (locally)
\width=\dimen127 (locally)
\height=\dimen124 (locally)
\depth=\dimen125 (locally)
\totalheight=\dimen126 (locally)
\width=\dimen127 (locally)
\height=\dimen124 (locally)
\depth=\dimen125 (locally)
\totalheight=\dimen126 (locally)
\width=\dimen127 (locally)
\height=\dimen124 (locally)
\depth=\dimen125 (locally)
\totalheight=\dimen126 (locally)
\width=\dimen127 (locally)
\height=\dimen124 (locally)
\depth=\dimen125 (locally)
\totalheight=\dimen126 (locally)
\width=\dimen127 (locally)
\height=\dimen124 (locally)
\depth=\dimen125 (locally)
\totalheight=\dimen126 (locally)
\width=\dimen127 (locally)
\height=\dimen124 (locally)
\depth=\dimen125 (locally)
\totalheight=\dimen126 (locally)
\width=\dimen127 (locally)
\height=\dimen124 (locally)
\depth=\dimen125 (locally)
\totalheight=\dimen126 (locally)
\width=\dimen127 (locally)
\height=\dimen124 (locally)
\depth=\dimen125 (locally)
\totalheight=\dimen126 (locally)
\width=\dimen127 (locally)
 [13]
\defaultOK=\box60
\height=\dimen124 (locally)
\depth=\dimen125 (locally)
\totalheight=\dimen126 (locally)
\width=\dimen127 (locally)

Overfull \hbox (6.73602pt too wide) in paragraph at lines 1050--1050
 []\OT1/cmr/m/n/10 OK 
 []

\height=\dimen124 (locally)
\depth=\dimen125 (locally)
\totalheight=\dimen126 (locally)
\width=\dimen127 (locally)
\bitwidthOK=\box61
\height=\dimen124 (locally)
\depth=\dimen125 (locally)
\totalheight=\dimen126 (locally)
\width=\dimen127 (locally)
\height=\dimen124 (locally)
\depth=\dimen125 (locally)
\totalheight=\dimen126 (locally)
\width=\dimen127 (locally)
\tinyOK=\box62
\height=\dimen124 (locally)
\depth=\dimen125 (locally)
\totalheight=\dimen126 (locally)
\width=\dimen127 (locally)

Overfull \hbox (1.39586pt too wide) in paragraph at lines 1065--1065
 []\OT1/cmr/m/n/5 OK 
 []

\height=\dimen124 (locally)
\depth=\dimen125 (locally)
\totalheight=\dimen126 (locally)
\width=\dimen127 (locally)
\verticalOK=\box63
\height=\dimen124 (locally)
\depth=\dimen125 (locally)
\totalheight=\dimen126 (locally)
\width=\dimen127 (locally)
\height=\dimen124 (locally)
\depth=\dimen125 (locally)
\totalheight=\dimen126 (locally)
\width=\dimen127 (locally)
\rotateOK=\box64
\height=\dimen124 (locally)
\depth=\dimen125 (locally)
\totalheight=\dimen126 (locally)
\width=\dimen127 (locally)
\height=\dimen124 (locally)
\depth=\dimen125 (locally)
\totalheight=\dimen126 (locally)
\width=\dimen127 (locally)
\resizeOK=\box65
\height=\dimen124 (locally)
\depth=\dimen125 (locally)
\totalheight=\dimen126 (locally)
\width=\dimen127 (locally)
\height=\dimen124 (locally)
\depth=\dimen125 (locally)
\totalheight=\dimen126 (locally)
\width=\dimen127 (locally)

Overfull \vbox (4.22217pt too high) detected at line 1095
 []


Overfull \vbox (4.22217pt too high) detected at line 1100
 []

\height=\dimen124 (locally)
\depth=\dimen125 (locally)
\totalheight=\dimen126 (locally)
\width=\dimen127 (locally)
\height=\dimen124 (locally)
\depth=\dimen125 (locally)
\totalheight=\dimen126 (locally)
\width=\dimen127 (locally)
\height=\dimen124 (locally)
\depth=\dimen125 (locally)
\totalheight=\dimen126 (locally)
\width=\dimen127 (locally)
\height=\dimen124 (locally)
\depth=\dimen125 (locally)
\totalheight=\dimen126 (locally)
\width=\dimen127 (locally)
\height=\dimen124 (locally)
\depth=\dimen125 (locally)
\totalheight=\dimen126 (locally)
\width=\dimen127 (locally)
\height=\dimen124 (locally)
\depth=\dimen125 (locally)
\totalheight=\dimen126 (locally)
\width=\dimen127 (locally)
\height=\dimen124 (locally)
\depth=\dimen125 (locally)
\totalheight=\dimen126 (locally)
\width=\dimen127 (locally)
[14]
\height=\dimen124 (locally)
\depth=\dimen125 (locally)
\totalheight=\dimen126 (locally)
\width=\dimen127 (locally)
\height=\dimen124 (locally)
\depth=\dimen125 (locally)
\totalheight=\dimen126 (locally)
\width=\dimen127 (locally)

Overfull \hbox (18.27066pt too wide) in paragraph at lines 1168--1168
[]                    \OT1/cmtt/m/n/9 bitformatting={\tiny\rotatebox[origin=B]{
90}}]{995-1002} \\[] 
 []

\height=\dimen124 (locally)
\depth=\dimen125 (locally)
\totalheight=\dimen126 (locally)
\width=\dimen127 (locally)
\height=\dimen124 (locally)
\depth=\dimen125 (locally)
\totalheight=\dimen126 (locally)
\width=\dimen127 (locally)
[15]
\bitlabelwidth=\skip70
\height=\dimen124 (locally)
\depth=\dimen125 (locally)
\totalheight=\dimen126 (locally)
\width=\dimen127 (locally)
\height=\dimen124 (locally)
\depth=\dimen125 (locally)
\totalheight=\dimen126 (locally)
\width=\dimen127 (locally)
\height=\dimen124 (locally)
\depth=\dimen125 (locally)
\totalheight=\dimen126 (locally)
\width=\dimen127 (locally)
\height=\dimen124 (locally)
\depth=\dimen125 (locally)
\totalheight=\dimen126 (locally)
\width=\dimen127 (locally)
\height=\dimen124 (locally)
\depth=\dimen125 (locally)
\totalheight=\dimen126 (locally)
\width=\dimen127 (locally)
\height=\dimen124 (locally)
\depth=\dimen125 (locally)
\totalheight=\dimen126 (locally)
\width=\dimen127 (locally)
\height=\dimen124 (locally)
\depth=\dimen125 (locally)
\totalheight=\dimen126 (locally)
\width=\dimen127 (locally)
\height=\dimen124 (locally)
\depth=\dimen125 (locally)
\totalheight=\dimen126 (locally)
\width=\dimen127 (locally)
\height=\dimen124 (locally)
\depth=\dimen125 (locally)
\totalheight=\dimen126 (locally)
\width=\dimen127 (locally)
\height=\dimen124 (locally)
\depth=\dimen125 (locally)
\totalheight=\dimen126 (locally)
\width=\dimen127 (locally)
\height=\dimen124 (locally)
\depth=\dimen125 (locally)
\totalheight=\dimen126 (locally)
\width=\dimen127 (locally)
\height=\dimen124 (locally)
\depth=\dimen125 (locally)
\totalheight=\dimen126 (locally)
\width=\dimen127 (locally)
 [16]
\height=\dimen124 (locally)
\depth=\dimen125 (locally)
\totalheight=\dimen126 (locally)
\width=\dimen127 (locally)
\height=\dimen124 (locally)
\depth=\dimen125 (locally)
\totalheight=\dimen126 (locally)
\width=\dimen127 (locally)
\maxheight=\skip71
\height=\dimen124 (locally)
\depth=\dimen125 (locally)
\totalheight=\dimen126 (locally)
\width=\dimen127 (locally)
\height=\dimen124 (locally)
\depth=\dimen125 (locally)
\totalheight=\dimen126 (locally)
\width=\dimen127 (locally)
 [17]
\height=\dimen124 (locally)
\depth=\dimen125 (locally)
\totalheight=\dimen126 (locally)
\width=\dimen127 (locally)
\height=\dimen124 (locally)
\depth=\dimen125 (locally)
\totalheight=\dimen126 (locally)
\width=\dimen127 (locally)
\height=\dimen124 (locally)
\depth=\dimen125 (locally)
\totalheight=\dimen126 (locally)
\width=\dimen127 (locally)
\height=\dimen124 (locally)
\depth=\dimen125 (locally)
\totalheight=\dimen126 (locally)
\width=\dimen127 (locally)
\height=\dimen124 (locally)
\depth=\dimen125 (locally)
\totalheight=\dimen126 (locally)
\width=\dimen127 (locally)
\height=\dimen124 (locally)
\depth=\dimen125 (locally)
\totalheight=\dimen126 (locally)
\width=\dimen127 (locally)
\height=\dimen124 (locally)
\depth=\dimen125 (locally)
\totalheight=\dimen126 (locally)
\width=\dimen127 (locally)
\height=\dimen124 (locally)
\depth=\dimen125 (locally)
\totalheight=\dimen126 (locally)
\width=\dimen127 (locally)
\height=\dimen124 (locally)
\depth=\dimen125 (locally)
\totalheight=\dimen126 (locally)
\width=\dimen127 (locally)
\height=\dimen124 (locally)
\depth=\dimen125 (locally)
\totalheight=\dimen126 (locally)
\width=\dimen127 (locally)
\height=\dimen124 (locally)
\depth=\dimen125 (locally)
\totalheight=\dimen126 (locally)
\width=\dimen127 (locally)
\height=\dimen124 (locally)
\depth=\dimen125 (locally)
\totalheight=\dimen126 (locally)
\width=\dimen127 (locally)
\height=\dimen124 (locally)
\depth=\dimen125 (locally)
\totalheight=\dimen126 (locally)
\width=\dimen127 (locally)
\height=\dimen124 (locally)
\depth=\dimen125 (locally)
\totalheight=\dimen126 (locally)
\width=\dimen127 (locally)
\height=\dimen124 (locally)
\depth=\dimen125 (locally)
\totalheight=\dimen126 (locally)
\width=\dimen127 (locally)
\height=\dimen124 (locally)
\depth=\dimen125 (locally)
\totalheight=\dimen126 (locally)
\width=\dimen127 (locally)
\height=\dimen124 (locally)
\depth=\dimen125 (locally)
\totalheight=\dimen126 (locally)
\width=\dimen127 (locally)
\height=\dimen124 (locally)
\depth=\dimen125 (locally)
\totalheight=\dimen126 (locally)
\width=\dimen127 (locally)
\height=\dimen124 (locally)
\depth=\dimen125 (locally)
\totalheight=\dimen126 (locally)
\width=\dimen127 (locally)
\height=\dimen124 (locally)
\depth=\dimen125 (locally)
\totalheight=\dimen126 (locally)
\width=\dimen127 (locally)
\height=\dimen124 (locally)
\depth=\dimen125 (locally)
\totalheight=\dimen126 (locally)
\width=\dimen127 (locally)
\height=\dimen124 (locally)
\depth=\dimen125 (locally)
\totalheight=\dimen126 (locally)
\width=\dimen127 (locally)
\height=\dimen124 (locally)
\depth=\dimen125 (locally)
\totalheight=\dimen126 (locally)
\width=\dimen127 (locally)
\height=\dimen124 (locally)
\depth=\dimen125 (locally)
\totalheight=\dimen126 (locally)
\width=\dimen127 (locally)
\height=\dimen124 (locally)
\depth=\dimen125 (locally)
\totalheight=\dimen126 (locally)
\width=\dimen127 (locally)
\height=\dimen124 (locally)
\depth=\dimen125 (locally)
\totalheight=\dimen126 (locally)
\width=\dimen127 (locally)
\height=\dimen124 (locally)
\depth=\dimen125 (locally)
\totalheight=\dimen126 (locally)
\width=\dimen127 (locally)
\height=\dimen124 (locally)
\depth=\dimen125 (locally)
\totalheight=\dimen126 (locally)
\width=\dimen127 (locally)
\height=\dimen124 (locally)
\depth=\dimen125 (locally)
\totalheight=\dimen126 (locally)
\width=\dimen127 (locally)
\height=\dimen124 (locally)
\depth=\dimen125 (locally)
\totalheight=\dimen126 (locally)
\width=\dimen127 (locally)
\height=\dimen124 (locally)
\depth=\dimen125 (locally)
\totalheight=\dimen126 (locally)
\width=\dimen127 (locally)
\height=\dimen124 (locally)
\depth=\dimen125 (locally)
\totalheight=\dimen126 (locally)
\width=\dimen127 (locally)
\height=\dimen124 (locally)
\depth=\dimen125 (locally)
\totalheight=\dimen126 (locally)
\width=\dimen127 (locally)
\height=\dimen124 (locally)
\depth=\dimen125 (locally)
\totalheight=\dimen126 (locally)
\width=\dimen127 (locally)
\height=\dimen124 (locally)
\depth=\dimen125 (locally)
\totalheight=\dimen126 (locally)
\width=\dimen127 (locally)
\height=\dimen124 (locally)
\depth=\dimen125 (locally)
\totalheight=\dimen126 (locally)
\width=\dimen127 (locally)
\height=\dimen124 (locally)
\depth=\dimen125 (locally)
\totalheight=\dimen126 (locally)
\width=\dimen127 (locally)
 [18]
Overfull \hbox (4.09583pt too wide) in paragraph at lines 1462--1462
[]         \OT1/cmtt/m/n/9 \bitbox{1}{\tiny F/E} & \bitbox{1}{\tiny T0} & \bitb
ox{1}{\tiny T1}[] 
 []

\height=\dimen124 (locally)
\depth=\dimen125 (locally)
\totalheight=\dimen126 (locally)
\width=\dimen127 (locally)
\height=\dimen124 (locally)
\depth=\dimen125 (locally)
\totalheight=\dimen126 (locally)
\width=\dimen127 (locally)
\height=\dimen124 (locally)
\depth=\dimen125 (locally)
\totalheight=\dimen126 (locally)
\width=\dimen127 (locally)
\height=\dimen124 (locally)
\depth=\dimen125 (locally)
\totalheight=\dimen126 (locally)
\width=\dimen127 (locally)
\height=\dimen124 (locally)
\depth=\dimen125 (locally)
\totalheight=\dimen126 (locally)
\width=\dimen127 (locally)
[19]
\height=\dimen124 (locally)
\depth=\dimen125 (locally)
\totalheight=\dimen126 (locally)
\width=\dimen127 (locally)
\height=\dimen124 (locally)
\depth=\dimen125 (locally)
\totalheight=\dimen126 (locally)
\width=\dimen127 (locally)
\curly@height=\dimen124 (locally)
\half@curly@height=\dimen125 (locally)
\curly@shift=\dimen126 (locally)
\total@box@width=\dimen124 (locally)
\height=\dimen124 (locally)
\depth=\dimen125 (locally)
\totalheight=\dimen126 (locally)
\width=\dimen127 (locally)
\height=\dimen124 (locally)
\depth=\dimen125 (locally)
\totalheight=\dimen126 (locally)
\width=\dimen127 (locally)
\curly@height=\dimen124 (locally)
\half@curly@height=\dimen125 (locally)
\curly@shift=\dimen126 (locally)
\total@box@width=\dimen124 (locally)
\height=\dimen124 (locally)
\depth=\dimen125 (locally)
\totalheight=\dimen126 (locally)
\width=\dimen127 (locally)
\height=\dimen124 (locally)
\depth=\dimen125 (locally)
\totalheight=\dimen126 (locally)
\width=\dimen127 (locally)
\curly@height=\dimen124 (locally)
\half@curly@height=\dimen125 (locally)
\curly@shift=\dimen126 (locally)
\total@box@width=\dimen124 (locally)
\height=\dimen124 (locally)
\depth=\dimen125 (locally)
\totalheight=\dimen126 (locally)
\width=\dimen127 (locally)
\height=\dimen124 (locally)
\depth=\dimen125 (locally)
\totalheight=\dimen126 (locally)
\width=\dimen127 (locally)
\height=\dimen124 (locally)
\depth=\dimen125 (locally)
\totalheight=\dimen126 (locally)
\width=\dimen127 (locally)
\height=\dimen124 (locally)
\depth=\dimen125 (locally)
\totalheight=\dimen126 (locally)
\width=\dimen127 (locally)
\curly@height=\dimen124 (locally)
\half@curly@height=\dimen125 (locally)
\curly@shift=\dimen126 (locally)
\total@box@width=\dimen124 (locally)

Overfull \hbox (31.44058pt too wide) in paragraph at lines 1537--1573
|    []
 []

[20]
Overfull \hbox (13.54572pt too wide) in paragraph at lines 1608--1608
[]       \OT1/cmtt/m/n/9 % facilitates the creation of memory maps. Start addre
ss at the bottom,[] 
 []


Overfull \hbox (22.9956pt too wide) in paragraph at lines 1608--1608
[]       \OT1/cmtt/m/n/9 %   \memsection{end address}{start address}{height in 
lines}{text in box}[] 
 []


Overfull \hbox (4.09583pt too wide) in paragraph at lines 1608--1608
[]                       \OT1/cmtt/m/n/9 \memsection{003f ffff}{002f c000}{4}{S
pecial Function[] 
 []

[21]
Overfull \hbox (8.82077pt too wide) in paragraph at lines 1608--1608
[]                       \OT1/cmtt/m/n/9 \memsection{002f bfff}{0007 0000}{3}{-
- reserved --}\\[] 
 []

\height=\dimen124 (locally)
\depth=\dimen125 (locally)
\totalheight=\dimen126 (locally)
\width=\dimen127 (locally)
\height=\dimen124 (locally)
\depth=\dimen125 (locally)
\totalheight=\dimen126 (locally)
\width=\dimen127 (locally)
\height=\dimen124 (locally)
\depth=\dimen125 (locally)
\totalheight=\dimen126 (locally)
\width=\dimen127 (locally)
\height=\dimen124 (locally)
\depth=\dimen125 (locally)
\totalheight=\dimen126 (locally)
\width=\dimen127 (locally)
\height=\dimen124 (locally)
\depth=\dimen125 (locally)
\totalheight=\dimen126 (locally)
\width=\dimen127 (locally)
\height=\dimen124 (locally)
\depth=\dimen125 (locally)
\totalheight=\dimen126 (locally)
\width=\dimen127 (locally)
\height=\dimen124 (locally)
\depth=\dimen125 (locally)
\totalheight=\dimen126 (locally)
\width=\dimen127 (locally)
\height=\dimen124 (locally)
\depth=\dimen125 (locally)
\totalheight=\dimen126 (locally)
\width=\dimen127 (locally)
\curly@height=\dimen124 (locally)
\half@curly@height=\dimen125 (locally)
\curly@shift=\dimen126 (locally)
\total@box@width=\dimen124 (locally)

Overfull \hbox (22.9956pt too wide) in paragraph at lines 1677--1677
[]         \OT1/cmtt/m/n/9 \begin{rightwordgroup}{\parbox{6em}{\raggedright The
se words were taken[] 
 []

[22]
Overfull \hbox (32.4455pt too wide) in paragraph at lines 1677--1677
[]         \OT1/cmtt/m/n/9 \begin{leftwordgroup}{\parbox{6em}{\raggedright Note
 that we can display,[] 
 []


Overfull \hbox (32.4455pt too wide) in paragraph at lines 1677--1677
[]           \OT1/cmtt/m/n/9 \begin{rightwordgroup}{\parbox{6em}{\raggedright W
hy two Length fields?[] 
 []

\height=\dimen124 (locally)
\depth=\dimen125 (locally)
\totalheight=\dimen126 (locally)
\width=\dimen127 (locally)
\height=\dimen124 (locally)
\depth=\dimen125 (locally)
\totalheight=\dimen126 (locally)
\width=\dimen127 (locally)
\height=\dimen124 (locally)
\depth=\dimen125 (locally)
\totalheight=\dimen126 (locally)
\width=\dimen127 (locally)
\height=\dimen124 (locally)
\depth=\dimen125 (locally)
\totalheight=\dimen126 (locally)
\width=\dimen127 (locally)
\height=\dimen124 (locally)
\depth=\dimen125 (locally)
\totalheight=\dimen126 (locally)
\width=\dimen127 (locally)
\height=\dimen124 (locally)
\depth=\dimen125 (locally)
\totalheight=\dimen126 (locally)
\width=\dimen127 (locally)
\height=\dimen124 (locally)
\depth=\dimen125 (locally)
\totalheight=\dimen126 (locally)
\width=\dimen127 (locally)
\height=\dimen124 (locally)
\depth=\dimen125 (locally)
\totalheight=\dimen126 (locally)
\width=\dimen127 (locally)
\height=\dimen124 (locally)
\depth=\dimen125 (locally)
\totalheight=\dimen126 (locally)
\width=\dimen127 (locally)
\height=\dimen124 (locally)
\depth=\dimen125 (locally)
\totalheight=\dimen126 (locally)
\width=\dimen127 (locally)
\height=\dimen124 (locally)
\depth=\dimen125 (locally)
\totalheight=\dimen126 (locally)
\width=\dimen127 (locally)
\curly@height=\dimen124 (locally)
\half@curly@height=\dimen125 (locally)
\curly@shift=\dimen126 (locally)
\total@box@width=\dimen124 (locally)
\height=\dimen124 (locally)
\depth=\dimen125 (locally)
\totalheight=\dimen126 (locally)
\width=\dimen127 (locally)
\height=\dimen124 (locally)
\depth=\dimen125 (locally)
\totalheight=\dimen126 (locally)
\width=\dimen127 (locally)
\curly@height=\dimen124 (locally)
\half@curly@height=\dimen125 (locally)
\curly@shift=\dimen126 (locally)
\height=\dimen124 (locally)
\depth=\dimen125 (locally)
\totalheight=\dimen126 (locally)
\width=\dimen127 (locally)
\height=\dimen124 (locally)
\depth=\dimen125 (locally)
\totalheight=\dimen126 (locally)
\width=\dimen127 (locally)
\height=\dimen124 (locally)
\depth=\dimen125 (locally)
\totalheight=\dimen126 (locally)
\width=\dimen127 (locally)
\height=\dimen124 (locally)
\depth=\dimen125 (locally)
\totalheight=\dimen126 (locally)
\width=\dimen127 (locally)
\height=\dimen124 (locally)
\depth=\dimen125 (locally)
\totalheight=\dimen126 (locally)
\width=\dimen127 (locally)
\height=\dimen124 (locally)
\depth=\dimen125 (locally)
\totalheight=\dimen126 (locally)
\width=\dimen127 (locally)
\starting@point=\dimen124 (locally)
\curly@height=\dimen125 (locally)
\half@curly@height=\dimen126 (locally)
\curly@shift=\dimen127 (locally)
\height=\dimen124 (locally)
\depth=\dimen125 (locally)
\totalheight=\dimen126 (locally)
\width=\dimen127 (locally)
\height=\dimen124 (locally)
\depth=\dimen125 (locally)
\totalheight=\dimen126 (locally)
\width=\dimen127 (locally)
\height=\dimen124 (locally)
\depth=\dimen125 (locally)
\totalheight=\dimen126 (locally)
\width=\dimen127 (locally)
\height=\dimen124 (locally)
\depth=\dimen125 (locally)
\totalheight=\dimen126 (locally)
\width=\dimen127 (locally)
\curly@height=\dimen124 (locally)
\half@curly@height=\dimen125 (locally)
\curly@shift=\dimen126 (locally)
\total@box@width=\dimen124 (locally)
\height=\dimen124 (locally)
\depth=\dimen125 (locally)
\totalheight=\dimen126 (locally)
\width=\dimen127 (locally)
\height=\dimen124 (locally)
\depth=\dimen125 (locally)
\totalheight=\dimen126 (locally)
\width=\dimen127 (locally)
\height=\dimen124 (locally)
\depth=\dimen125 (locally)
\totalheight=\dimen126 (locally)
\width=\dimen127 (locally)
\height=\dimen124 (locally)
\depth=\dimen125 (locally)
\totalheight=\dimen126 (locally)
\width=\dimen127 (locally)
\height=\dimen124 (locally)
\depth=\dimen125 (locally)
\totalheight=\dimen126 (locally)
\width=\dimen127 (locally)
\height=\dimen124 (locally)
\depth=\dimen125 (locally)
\totalheight=\dimen126 (locally)
\width=\dimen127 (locally)
\height=\dimen124 (locally)
\depth=\dimen125 (locally)
\totalheight=\dimen126 (locally)
\width=\dimen127 (locally)
\height=\dimen124 (locally)
\depth=\dimen125 (locally)
\totalheight=\dimen126 (locally)
\width=\dimen127 (locally)
\height=\dimen124 (locally)
\depth=\dimen125 (locally)
\totalheight=\dimen126 (locally)
\width=\dimen127 (locally)
\height=\dimen124 (locally)
\depth=\dimen125 (locally)
\totalheight=\dimen126 (locally)
\width=\dimen127 (locally)
\height=\dimen124 (locally)
\depth=\dimen125 (locally)
\totalheight=\dimen126 (locally)
\width=\dimen127 (locally)
\height=\dimen124 (locally)
\depth=\dimen125 (locally)
\totalheight=\dimen126 (locally)
\width=\dimen127 (locally)

LaTeX Warning: Float too large for page by 13.8155pt on input line 1728.

[23] [24]
Underfull \hbox (badness 10000) in paragraph at lines 1790--1797
[]\OT1/cmr/m/n/10 Instead of us-ing []\OT1/cmtt/m/n/10 \setlength{\curlyspace}{
$\OMS/cmsy/m/n/10 h$[]\OT1/cmr/m/it/10 dist$\OMS/cmsy/m/n/10 i$[][]\OT1/cmtt/m/
n/10 } \OT1/cmr/m/n/10 and
 []

[25]
LaTeX Font Info:    External font `cmex10' loaded for size
(Font)              <14.4> on input line 1879.
 [26]
LaTeX Font Info:    External font `cmex10' loaded for size
(Font)              <20.74> on input line 1986.
 [27] [28]

LaTeX Warning: Marginpar on page 29 moved.


LaTeX Warning: Marginpar on page 29 moved.


LaTeX Warning: Marginpar on page 29 moved.


LaTeX Warning: Marginpar on page 29 moved.


LaTeX Warning: Marginpar on page 29 moved.

[29] [30] [31] [32]
Overfull \hbox (37.64845pt too wide) in paragraph at lines 2411--2411
 [][]          \OT1/cmtt/m/n/9 \bf@bitwidth * (\bits@wide - \value{header@val} 
+ \bf@first@bit - 1)}% 
 []


Overfull \hbox (65.99812pt too wide) in paragraph at lines 2411--2411
 [][]        \OT1/cmtt/m/n/9 \setlength{\header@xpos}{\bf@bitwidth * (\value{he
ader@val} - \bf@first@bit)}% 
 []


Overfull \hbox (28.19856pt too wide) in paragraph at lines 2467--2467
 [][]      \OT1/cmtt/m/n/9 The "l" argument to \protect\bitheader\space is depr
ecated.\MessageBreak 
 []


Overfull \hbox (28.19856pt too wide) in paragraph at lines 2467--2467
 [][]      \OT1/cmtt/m/n/9 The "b" argument to \protect\bitheader\space is depr
ecated.\MessageBreak 
 []

[33]
LaTeX Font Info:    Try loading font information for OMS+cmr on input line 2535
.
 (/usr/share/texmf-texlive/tex/latex/base/omscmr.fd
File: omscmr.fd 1999/05/25 v2.5h Standard LaTeX font definitions
)
LaTeX Font Info:    Font shape `OMS/cmr/m/n' in size <10> not available
(Font)              Font shape `OMS/cmsy/m/n' tried instead on input line 2535.

 [34]
Underfull \hbox (badness 10000) in paragraph at lines 2624--2628
[]\OT1/cmr/m/n/10 Label the words de-fined be-tween []\OT1/cmtt/m/n/10 \begin{r
ightwordgroup} \OT1/cmr/m/n/10 and
 []

[35]
Underfull \hbox (badness 10000) in paragraph at lines 2639--2642
[][]\OT1/cmtt/m/n/10 \begin{rightwordgroup} \OT1/cmr/m/n/10 merely stores the s
tart-ing height in
 []


Underfull \hbox (badness 10000) in paragraph at lines 2639--2642
[]\OT1/cmtt/m/n/10 \wordlabelr@start \OT1/cmr/m/n/10 and the user-supplied text
 in []\OT1/cmtt/m/n/10 \wordlabelr@text\OT1/cmr/m/n/10 .
 []

[36] [37]
Underfull \hbox (badness 1931) in paragraph at lines 2774--2776
[]\OT1/cmr/m/n/10 We store the start-ing height and la-bel text, which are need
ed by the
 []


Underfull \hbox (badness 2875) in paragraph at lines 2817--2820
\OT1/cmr/m/n/10 Because we al-ready ended the group that []\OT1/cmtt/m/n/10 \be
gin{leftwordgroup} \OT1/cmr/m/n/10 cre-
 []

[38] [39]
Overfull \hbox (28.19856pt too wide) in paragraph at lines 2976--2976
 [][]      \OT1/cmtt/m/n/9 The \protect\bytefieldsetup\space macro is not avail
able in\MessageBreak 
 []


Overfull \hbox (4.57384pt too wide) in paragraph at lines 2976--2976
 [][]      \OT1/cmtt/m/n/9 available to this document.\space\space (The documen
t may also need 
 []

[40]
Overfull \hbox (18.74867pt too wide) in paragraph at lines 3009--3009
 [][]    \OT1/cmtt/m/n/9 Macros \protect\wordgroupr, \protect\wordgroupl, \prot
ect\endwordgroupr, 
 []


Overfull \hbox (14.02373pt too wide) in paragraph at lines 3009--3009
 [][]    \OT1/cmtt/m/n/9 Starting with version 2.0, bytefield uses \protect\beg
in{wordgroupr}... 
 []


Overfull \hbox (14.02373pt too wide) in paragraph at lines 3009--3009
 [][]    \OT1/cmtt/m/n/9 to specify word groups and a new \protect\bytefieldset
up\space macro to 
 []

[41]
Overfull \hbox (9.29878pt too wide) in paragraph at lines 3133--3133
 [][]\OT1/cmtt/m/n/9 \define@key{bytefield}{leftcurlyshrinkage}{\def\bf@leftcur
lyshrinkage{#1}} 
 []


Overfull \hbox (18.74867pt too wide) in paragraph at lines 3133--3133
 [][]\OT1/cmtt/m/n/9 \define@key{bytefield}{rightcurlyshrinkage}{\def\bf@rightc
urlyshrinkage{#1}} 
 []

[42]
Overfull \hbox (4.57384pt too wide) in paragraph at lines 3222--3222
 [][]    \OT1/cmtt/m/n/9 \noexpand\g@addto@macro\noexpand\bf@package@options{,\
CurrentOption}% 
 []

[43]
\curly@height=\dimen124 (locally)
\half@curly@height=\dimen125 (locally)
\curly@shift=\dimen126 (locally)
\height=\dimen124 (locally)
\depth=\dimen125 (locally)
\totalheight=\dimen126 (locally)
\width=\dimen127 (locally)
\starting@point=\dimen124 (locally)
\curly@height=\dimen125 (locally)
\half@curly@height=\dimen126 (locally)
\curly@shift=\dimen127 (locally)
\curly@height=\dimen124 (locally)
\half@curly@height=\dimen125 (locally)
\curly@shift=\dimen126 (locally)
\height=\dimen124 (locally)
\depth=\dimen125 (locally)
\totalheight=\dimen126 (locally)
\width=\dimen127 (locally)
\starting@point=\dimen124 (locally)
\curly@height=\dimen125 (locally)
\half@curly@height=\dimen126 (locally)
\curly@shift=\dimen127 (locally)

*******************
* Checksum passed *
*******************
) (./bytefield.gls
Underfull \hbox (badness 10000) in paragraph at lines 10--12
[]| []\OT1/cmtt/m/n/9 \allocationnumber\OT1/cmr/m/n/9 : Bug fix: 
 []


Underfull \hbox (badness 10000) in paragraph at lines 10--12
\OT1/cmtt/m/n/9 room for a new \dimen\OT1/cmr/m/n/9 '' er- 
 []


Underfull \hbox (badness 5036) in paragraph at lines 15--17
[]| []\OT1/cmtt/m/n/9 \curly@box\OT1/cmr/m/n/9 : Bug fix: De-fined 
 []

LaTeX Font Info:    External font `cmex10' loaded for size
(Font)              <9> on input line 21.

Underfull \hbox (badness 10000) in paragraph at lines 24--26
[]| \OT1/cmr/m/n/9 Gen-eral: Made as-sign-ments to 
 []

[44]
Underfull \hbox (badness 10000) in paragraph at lines 28--30
[]| []\OT1/cmtt/m/n/9 \bf@bitformatting\OT1/cmr/m/n/9 : In-tro-duced 
 []


Underfull \hbox (badness 10000) in paragraph at lines 31--33
[]| \OT1/cmr/m/n/9 Gen-eral: Made a num-ber of 
 []


Underfull \hbox (badness 10000) in paragraph at lines 31--33
\OT1/cmr/m/n/9 non-backwards-compatible 
 []


Underfull \hbox (badness 10000) in paragraph at lines 31--33
\OT1/cmr/m/n/9 changes, in-clud-ing re- 
 []


Underfull \hbox (badness 10000) in paragraph at lines 31--33
\OT1/cmr/m/n/9 plac-ing \OT1/cmtt/m/n/9 \wordgroupr \OT1/cmr/m/n/9 and 
 []


Underfull \hbox (badness 10000) in paragraph at lines 31--33
\OT1/cmtt/m/n/9 \endwordgroupr \OT1/cmr/m/n/9 with a 
 []


Underfull \hbox (badness 10000) in paragraph at lines 31--33
\OT1/cmtt/m/n/9 rightwordgroup \OT1/cmr/m/n/9 en-vi-ron- 
 []


Underfull \hbox (badness 10000) in paragraph at lines 31--33
\OT1/cmtt/m/n/9 \endwordgroupl \OT1/cmr/m/n/9 with a 
 []


Underfull \hbox (badness 10000) in paragraph at lines 31--33
\OT1/cmtt/m/n/9 leftwordgroup \OT1/cmr/m/n/9 en-vi-ron-ment 
 []


Underfull \hbox (badness 10000) in paragraph at lines 38--40
\OT1/cmr/m/n/9 men-ta-tion a variable-height 
 []


Underfull \hbox (badness 10000) in paragraph at lines 38--40
\OT1/cmr/m/n/9 memory-map ex-am-ple sug- 
 []


Underfull \hbox (badness 10000) in paragraph at lines 42--44
[]| []\OT1/cmtt/m/n/9 \bitheader\OT1/cmr/m/n/9 : Changed the op- 
 []


Underfull \hbox (badness 10000) in paragraph at lines 42--44
\OT1/cmr/m/n/9 tional ar-gu-ment to ac-cept 
 []

) (./bytefield.ind [45] [46] [47]) [48] (./bytefield.aux) ) 
Here is how much of TeX's memory you used:
 6326 strings out of 495062
 85424 string characters out of 1182644
 219071 words of memory out of 3000000
 9378 multiletter control sequences out of 15000+50000
 18153 words of font info for 68 fonts, out of 3000000 for 9000
 28 hyphenation exceptions out of 8191
 44i,17n,37p,425b,757s stack positions out of 5000i,500n,10000p,200000b,50000s

Output written on bytefield.dvi (48 pages, 371896 bytes).
